#
# A fatal error has been detected by the Java Runtime Environment:
#
#  Internal Error (assembler.cpp:116), pid=6667, tid=6704
#  guarantee(L.loc() == locator()) failed: attempt to redefine label
#
# JRE version: OpenJDK Runtime Environment (21.0.10+7) (build 21.0.10+7-Ubuntu-124.04)
# Java VM: OpenJDK 64-Bit Server VM (21.0.10+7-Ubuntu-124.04, mixed mode, sharing, tiered, compressed oops, compressed class ptrs, g1 gc, linux-amd64)
# Problematic frame:
# V  [libjvm.so+0x44c9e2]  AbstractAssembler::bind(Label&)+0x62
#
# Core dump will be written. Default location: Core dumps may be processed with "/usr/share/apport/apport -p%p -s%s -c%c -d%d -P%P -u%u -g%g -F%F -- %E" (or dumping to /home/kshama/devops/MyMavenSeleniumApp02/core.6667)
#
# If you would like to submit a bug report, please visit:
#   https://bugs.launchpad.net/ubuntu/+source/openjdk-21
#

---------------  S U M M A R Y ------------

Command Line: -Djansi.mode=force -Dclassworlds.conf=/usr/share/maven/bin/m2.conf -Dmaven.home=/usr/share/maven -Dlibrary.jansi.path=/usr/share/maven/lib/jansi-native -Dmaven.multiModuleProjectDirectory=/home/kshama/devops/MyMavenSeleniumApp02 org.codehaus.plexus.classworlds.launcher.Launcher clean install

Host: AMD Ryzen 5 3500U with Radeon Vega Mobile Gfx, 2 cores, 3G, Ubuntu 24.04.4 LTS
Time: Mon Mar  2 10:09:18 2026 IST elapsed time: 5.841381 seconds (0d 0h 0m 5s)

---------------  T H R E A D  ---------------

Current thread (0x0000779acc0db820):  JavaThread "C2 CompilerThread0" daemon [_thread_in_native, id=6704, stack(0x0000779ab0f00000,0x0000779ab1000000) (1024K)]


Current CompileTask:
C2:5841 3863       4       java.lang.invoke.MethodType::makeImpl (109 bytes)

Stack: [0x0000779ab0f00000,0x0000779ab1000000],  sp=0x0000779ab0ffc3f0,  free space=1008k
Native frames: (J=compiled Java code, j=interpreted, Vv=VM code, C=native code)
V  [libjvm.so+0x44c9e2]  AbstractAssembler::bind(Label&)+0x62  (assembler.cpp:116)
V  [libjvm.so+0xd1d17d]  PhaseOutput::fill_buffer(CodeBuffer*, unsigned int*)+0x33d
V  [libjvm.so+0x667588]  Compile::Code_Gen()+0x5b8
V  [libjvm.so+0x66ad46]  Compile::Compile(ciEnv*, ciMethod*, int, Options, DirectiveSet*)+0x1476
V  [libjvm.so+0x58e02d]  C2Compiler::compile_method(ciEnv*, ciMethod*, int, bool, DirectiveSet*)+0x19d
V  [libjvm.so+0x670b23]  CompileBroker::invoke_compiler_on_method(CompileTask*)+0xc73
V  [libjvm.so+0x673d48]  CompileBroker::compiler_thread_loop()+0x6d8
V  [libjvm.so+0x92c066]  JavaThread::thread_main_inner()+0x1e6
V  [libjvm.so+0xf8fef7]  Thread::call_run()+0xa7
V  [libjvm.so+0xd06565]  thread_native_entry(Thread*)+0xd5
C  [libc.so.6+0x9caa4]
Registers:
RAX=0x0000779ad3160000, RBX=0x0000779accbbc550, RCX=0x0000779ad291fb77, RDX=0x0000779ad2954610
RSP=0x0000779ab0ffc3f0, RBP=0x0000779ab0ffc3f0, RSI=0x0000000000000074, RDI=0x0000779ad2954558
R8 =0x0000000000008901, R9 =0x0000000108000000, R10=0x0000000000000000, R11=0x0000000000008952
R12=0x00000000000034e0, R13=0x0000779ab0ffc840, R14=0x0000779ab0ffc4f0, R15=0x0000779ab0ffc858
RIP=0x0000779ad1c4c9e2, EFLAGS=0x0000000000010297, CSGSFS=0x002b000000000033, ERR=0x0000000000000006
  TRAPNO=0x000000000000000e

XMM[0]=0x0000779acc0dbfa8 0x0000779ab0ffc8b8
XMM[1]=0x0000000000000000 0x0000000000007c70
XMM[2]=0x0000000000000000 0x00000000ffffffff
XMM[3]=0x010123030898ca01 0x95ec16070798c301
XMM[4]=0x019bf323120998d1 0x83c50701030303d3
XMM[5]=0x061d9de601012303 0x089ad5012eff2306
XMM[6]=0x6bd4012eff830519 0x96f80195d8832a23
XMM[7]=0x9ce7011ff1231f24 0x9ce0010196041a20
XMM[8]=0x012eff83132398e7 0x0195d883082398e7
XMM[9]=0x0000000000000000 0x46293e5939a08cea
XMM[10]=0x0000000000000000 0x4376345785d8a000
XMM[11]=0x0000779a306338c0 0x0000779a30633980
XMM[12]=0x0000779a30633800 0x0000779a306337a0
XMM[13]=0x550c7dc3243185be 0x12835b01d807aa98
XMM[14]=0xab1c5ed5923f82a4 0x59f111f13956c25b
XMM[15]=0x0000000000000000 0x0000000000000000
  MXCSR=0x00001fa2


Register to memory mapping:

RAX=0x0000779ad3160000 points into unknown readable memory: 0x0000000000000058 | 58 00 00 00 00 00 00 00
RBX=0x0000779accbbc550 points into unknown readable memory: 0x0000779ad2bf4f10 | 10 4f bf d2 9a 77 00 00
RCX=0x0000779ad291fb77: <offset 0x000000000111fb77> in /usr/lib/jvm/java-21-openjdk-amd64/lib/server/libjvm.so at 0x0000779ad1800000
RDX=0x0000779ad2954610: <offset 0x0000000001154610> in /usr/lib/jvm/java-21-openjdk-amd64/lib/server/libjvm.so at 0x0000779ad1800000
RSP=0x0000779ab0ffc3f0 is pointing into the stack for thread: 0x0000779acc0db820
RBP=0x0000779ab0ffc3f0 is pointing into the stack for thread: 0x0000779acc0db820
RSI=0x0000000000000074 is an unknown value
RDI=0x0000779ad2954558: <offset 0x0000000001154558> in /usr/lib/jvm/java-21-openjdk-amd64/lib/server/libjvm.so at 0x0000779ad1800000
R8 =0x0000000000008901 is an unknown value
R9 =0x0000000108000000 is an unknown value
R10=0x0 is null
R11=0x0000000000008952 is an unknown value
R12=0x00000000000034e0 is an unknown value
R13=0x0000779ab0ffc840 is pointing into the stack for thread: 0x0000779acc0db820
R14=0x0000779ab0ffc4f0 is pointing into the stack for thread: 0x0000779acc0db820
R15=0x0000779ab0ffc858 is pointing into the stack for thread: 0x0000779acc0db820

Top of Stack: (sp=0x0000779ab0ffc3f0)
0x0000779ab0ffc3f0:   0000779ab0ffc5b0 0000779ad251d17d
0x0000779ab0ffc400:   0000779ab0ffc840 0000779a0000000f
0x0000779ab0ffc410:   ffffa0c300000050 0000000000000230
0x0000779ab0ffc420:   0000000000000230 0000779a0000000f
0x0000779ab0ffc430:   00000000000034d8 0000000000000768
0x0000779ab0ffc440:   ffffffff0000894a 00000001000088b5
0x0000779ab0ffc450:   0000000000000000 0000779a30b1a820
0x0000779ab0ffc460:   0000779a30e9fae0 0000779a30e9c9c8
0x0000779ab0ffc470:   0000000100000045 0000779a00008952
0x0000779ab0ffc480:   0000779ab0ffc520 0000779ab0ffc4f0
0x0000779ab0ffc490:   0000779ad2c06540 0000779a30b447c0
0x0000779ab0ffc4a0:   0000779a00008952 0000779a00008952
0x0000779ab0ffc4b0:   000000000000069c 0000779ab0ffc858
0x0000779ab0ffc4c0:   0000779a00000768 0000779ab0ffc840
0x0000779ab0ffc4d0:   0000779ab0ffdb90 0000000000000000
0x0000779ab0ffc4e0:   0000779a00000000 0000779ad291fe96
0x0000779ab0ffc4f0:   0000779ad2c06540 0000779ab0ffc8b8
0x0000779ab0ffc500:   0000779acc0dbfa8 0000779a01010101
0x0000779ab0ffc510:   0000000000000000 0000779ad251770f
0x0000779ab0ffc520:   0000779ab0ff0000 0000000000000000
0x0000779ab0ffc530:   0000779ab0ffc858 0000779ab0ffc800
0x0000779ab0ffc540:   0000779a308fc918 0000779ad293e734
0x0000779ab0ffc550:   0000000000000000 0000000000000000
0x0000779ab0ffc560:   0000000000000000 0000779ad293e734
0x0000779ab0ffc570:   0000779a309a3e00 0000779accbfd740
0x0000779ab0ffc580:   0000779ab0ffc840 0000779ab0ffc5d0
0x0000779ab0ffc590:   0000779ab0ffc840 0000779ad2924287
0x0000779ab0ffc5a0:   0000779ab0ffdb90 0000779ab0ffc630
0x0000779ab0ffc5b0:   0000779ab0ffcf30 0000779ad1e67588
0x0000779ab0ffc5c0:   0000000000000000 0000779ab0ffc6d0
0x0000779ab0ffc5d0:   0000779ad2c00000 0000000000000000
0x0000779ab0ffc5e0:   0000779ab0ffdb90 0000779ab0ffc600 

Instructions: (pc=0x0000779ad1c4c9e2)
0x0000779ad1c4c8e2:   29 f1 89 08 e9 6d ff ff ff 0f 1f 44 00 00 48 98
0x0000779ad1c4c8f2:   8b 44 82 04 89 c6 83 e6 03 85 c0 79 8c 31 c0 eb
0x0000779ad1c4c902:   9d 0f 1f 44 00 00 48 8d 70 02 48 89 f9 48 29 f1
0x0000779ad1c4c912:   8d b1 80 00 00 00 81 fe ff 00 00 00 77 17 88 48
0x0000779ad1c4c922:   01 e9 30 ff ff ff 0f 1f 84 00 00 00 00 00 31 ff
0x0000779ad1c4c932:   e9 21 ff ff ff 48 8d 05 32 e6 07 01 55 45 31 c9
0x0000779ad1c4c942:   be 79 00 00 00 4c 8d 05 47 63 cf 00 48 8d 0d 2b
0x0000779ad1c4c952:   7c d0 00 48 8b 00 48 8d 15 59 7c d0 00 48 8d 3d
0x0000779ad1c4c962:   7a 7c d0 00 48 89 e5 c6 00 58 31 c0 e8 ed 77 26
0x0000779ad1c4c972:   00 90 66 66 2e 0f 1f 84 00 00 00 00 00 90 f3 0f
0x0000779ad1c4c982:   1e fa 48 89 fa 48 89 f7 8b 36 48 8b 4a 08 48 8b
0x0000779ad1c4c992:   41 10 48 2b 01 0f be 49 48 c1 e0 02 09 c8 85 f6
0x0000779ad1c4c9a2:   78 0c 39 c6 75 12 c3 0f 1f 80 00 00 00 00 89 07
0x0000779ad1c4c9b2:   48 89 d6 e9 66 fe ff ff 48 8d 05 af e5 07 01 55
0x0000779ad1c4c9c2:   48 8d 0d ae 31 cd 00 48 8d 15 40 7c d0 00 be 74
0x0000779ad1c4c9d2:   00 00 00 48 8d 3d 7c 7b d0 00 48 8b 00 48 89 e5
0x0000779ad1c4c9e2:   c6 00 58 31 c0 e8 74 77 26 00 0f 1f 40 00 f3 0f
0x0000779ad1c4c9f2:   1e fa c3 90 66 2e 0f 1f 84 00 00 00 00 00 f3 0f
0x0000779ad1c4ca02:   1e fa 31 c0 c3 90 0f 1f 84 00 00 00 00 00 f3 0f
0x0000779ad1c4ca12:   1e fa 48 8d 05 05 e9 0d 01 48 8b 10 48 8d 05 40
0x0000779ad1c4ca22:   f9 0b 01 80 38 00 74 23 48 8d 05 7f e4 07 01 48
0x0000779ad1c4ca32:   8b 08 48 85 c9 74 14 48 8d 04 0a 48 39 c7 0f 92
0x0000779ad1c4ca42:   c0 48 39 cf 0f 93 c1 20 c8 75 06 48 39 d7 0f 92
0x0000779ad1c4ca52:   c0 c3 66 66 2e 0f 1f 84 00 00 00 00 00 90 f3 0f
0x0000779ad1c4ca62:   1e fa b8 01 00 00 00 48 85 ff 78 0d 48 8d 05 ab
0x0000779ad1c4ca72:   e8 0d 01 48 39 38 0f 9e c0 c3 0f 1f 40 00 f3 0f
0x0000779ad1c4ca82:   1e fa 80 be a1 00 00 00 00 75 73 55 48 89 e5 41
0x0000779ad1c4ca92:   54 53 48 89 fb 48 83 ec 10 8b 47 14 83 f8 03 7e
0x0000779ad1c4caa2:   3d 4c 8b 67 18 4d 85 e4 0f 84 88 00 00 00 49 63
0x0000779ad1c4cab2:   04 24 41 3b 44 24 04 74 4d 8d 48 01 41 89 0c 24
0x0000779ad1c4cac2:   49 8b 4c 24 08 89 14 81 8b 43 14 83 c0 01 89 43
0x0000779ad1c4cad2:   14 48 83 c4 10 5b 41 5c 5d c3 0f 1f 40 00 48 63 


Stack slot to memory mapping:

stack at sp + 0 slots: 0x0000779ab0ffc5b0 is pointing into the stack for thread: 0x0000779acc0db820
stack at sp + 1 slots: 0x0000779ad251d17d: <offset 0x0000000000d1d17d> in /usr/lib/jvm/java-21-openjdk-amd64/lib/server/libjvm.so at 0x0000779ad1800000
stack at sp + 2 slots: 0x0000779ab0ffc840 is pointing into the stack for thread: 0x0000779acc0db820
stack at sp + 3 slots: 0x0000779a0000000f is an unknown value
stack at sp + 4 slots: 0xffffa0c300000050 is an unknown value
stack at sp + 5 slots: 0x0000000000000230 is an unknown value
stack at sp + 6 slots: 0x0000000000000230 is an unknown value
stack at sp + 7 slots: 0x0000779a0000000f is an unknown value


---------------  P R O C E S S  ---------------

Threads class SMR info:
_java_thread_list=0x0000779a300bc300, length=10, elements={
0x0000779acc01a1b0, 0x0000779acc0d4290, 0x0000779acc0d5810, 0x0000779acc0d70d0,
0x0000779acc0d8720, 0x0000779acc0d9cd0, 0x0000779acc0db820, 0x0000779acc0dcef0,
0x0000779acc0f8ec0, 0x0000779acc0fc200
}

Java Threads: ( => current thread )
  0x0000779acc01a1b0 JavaThread "main"                              [_thread_in_vm, id=6691, stack(0x0000779ad1700000,0x0000779ad1800000) (1024K)]
  0x0000779acc0d4290 JavaThread "Reference Handler"          daemon [_thread_blocked, id=6699, stack(0x0000779ad01d0000,0x0000779ad02d0000) (1024K)]
  0x0000779acc0d5810 JavaThread "Finalizer"                  daemon [_thread_blocked, id=6700, stack(0x0000779ad00d0000,0x0000779ad01d0000) (1024K)]
  0x0000779acc0d70d0 JavaThread "Signal Dispatcher"          daemon [_thread_blocked, id=6701, stack(0x0000779acbf00000,0x0000779acc000000) (1024K)]
  0x0000779acc0d8720 JavaThread "Service Thread"             daemon [_thread_blocked, id=6702, stack(0x0000779ab1100000,0x0000779ab1200000) (1024K)]
  0x0000779acc0d9cd0 JavaThread "Monitor Deflation Thread"   daemon [_thread_blocked, id=6703, stack(0x0000779ab1000000,0x0000779ab1100000) (1024K)]
=>0x0000779acc0db820 JavaThread "C2 CompilerThread0"         daemon [_thread_in_native, id=6704, stack(0x0000779ab0f00000,0x0000779ab1000000) (1024K)]
  0x0000779acc0dcef0 JavaThread "C1 CompilerThread0"         daemon [_thread_in_vm, id=6705, stack(0x0000779ab0e00000,0x0000779ab0f00000) (1024K)]
  0x0000779acc0f8ec0 JavaThread "Notification Thread"        daemon [_thread_blocked, id=6706, stack(0x0000779ab0c2f000,0x0000779ab0d2f000) (1024K)]
  0x0000779acc0fc200 JavaThread "Common-Cleaner"             daemon [_thread_blocked, id=6707, stack(0x0000779ab0b2f000,0x0000779ab0c2f000) (1024K)]
Total: 10

Other Threads:
  0x0000779acc0cb170 VMThread "VM Thread"                           [id=6698, stack(0x0000779ad02d1000,0x0000779ad03d1000) (1024K)]
  0x0000779acc0b9930 WatcherThread "VM Periodic Task Thread"        [id=6697, stack(0x0000779ad03d2000,0x0000779ad04d2000) (1024K)]
  0x0000779acc053e20 WorkerThread "GC Thread#0"                     [id=6692, stack(0x0000779ad0b5a000,0x0000779ad0c5a000) (1024K)]
  0x0000779a48006140 WorkerThread "GC Thread#1"                     [id=6709, stack(0x0000779ab092f000,0x0000779ab0a2f000) (1024K)]
  0x0000779acc05ccf0 ConcurrentGCThread "G1 Main Marker"            [id=6693, stack(0x0000779ad0a59000,0x0000779ad0b59000) (1024K)]
  0x0000779acc05dbd0 WorkerThread "G1 Conc#0"                       [id=6694, stack(0x0000779ad0958000,0x0000779ad0a58000) (1024K)]
  0x0000779acc09f3c0 ConcurrentGCThread "G1 Refine#0"               [id=6695, stack(0x0000779ad0655000,0x0000779ad0755000) (1024K)]
  0x0000779acc0a0390 ConcurrentGCThread "G1 Service"                [id=6696, stack(0x0000779ad0554000,0x0000779ad0654000) (1024K)]
Total: 8

Threads with active compile tasks:
C2 CompilerThread0  5874 3863       4       java.lang.invoke.MethodType::makeImpl (109 bytes)
C1 CompilerThread0  5874 3976   !   3       java.lang.Class::getEnumConstantsShared (71 bytes)
Total: 2

VM state: not at safepoint (normal execution)

VM Mutex/Monitor currently owned by a thread: None

Heap address: 0x00000000c3200000, size: 974 MB, Compressed Oops mode: 32-bit

CDS archive(s) mapped at: [0x0000779a5b000000-0x0000779a5bc9c000-0x0000779a5bc9c000), size 13221888, SharedBaseAddress: 0x0000779a5b000000, ArchiveRelocationMode: 1.
Compressed class space mapped at: 0x0000779a5c000000-0x0000779a9c000000, reserved size: 1073741824
Narrow klass base: 0x0000779a5b000000, Narrow klass shift: 0, Narrow klass range: 0x100000000

GC Precious Log:
 CardTable entry size: 512
 Card Set container configuration: InlinePtr #cards 5 size 8 Array Of Cards #cards 12 size 40 Howl #buckets 4 coarsen threshold 1843 Howl Bitmap #cards 512 size 80 coarsen threshold 460 Card regions per heap region 1 cards per card region 2048
 CPUs: 2 total, 2 available
 Memory: 3895M
 Large Page Support: Disabled
 NUMA Support: Disabled
 Compressed Oops: Enabled (32-bit)
 Heap Region Size: 1M
 Heap Min Capacity: 8M
 Heap Initial Capacity: 62M
 Heap Max Capacity: 974M
 Pre-touch: Disabled
 Parallel Workers: 2
 Concurrent Workers: 1
 Concurrent Refinement Workers: 2
 Periodic GC: Disabled

Heap:
 garbage-first heap   total 65536K, used 21503K [0x00000000c3200000, 0x0000000100000000)
  region size 1024K, 4 young (4096K), 1 survivors (1024K)
 Metaspace       used 22804K, committed 23168K, reserved 1114112K
  class space    used 2612K, committed 2752K, reserved 1048576K

Heap Regions: E=young(eden), S=young(survivor), O=old, HS=humongous(starts), HC=humongous(continues), CS=collection set, F=free, TAMS=top-at-mark-start, PB=parsable bottom
|   0|0x00000000c3200000, 0x00000000c3300000, 0x00000000c3300000|100%| O|  |TAMS 0x00000000c3200000| PB 0x00000000c3200000| Untracked 
|   1|0x00000000c3300000, 0x00000000c3400000, 0x00000000c3400000|100%| O|  |TAMS 0x00000000c3300000| PB 0x00000000c3300000| Untracked 
|   2|0x00000000c3400000, 0x00000000c3500000, 0x00000000c3500000|100%| O|  |TAMS 0x00000000c3400000| PB 0x00000000c3400000| Untracked 
|   3|0x00000000c3500000, 0x00000000c3600000, 0x00000000c3600000|100%| O|  |TAMS 0x00000000c3500000| PB 0x00000000c3500000| Untracked 
|   4|0x00000000c3600000, 0x00000000c3700000, 0x00000000c3700000|100%| O|  |TAMS 0x00000000c3600000| PB 0x00000000c3600000| Untracked 
|   5|0x00000000c3700000, 0x00000000c3800000, 0x00000000c3800000|100%| O|  |TAMS 0x00000000c3700000| PB 0x00000000c3700000| Untracked 
|   6|0x00000000c3800000, 0x00000000c3900000, 0x00000000c3900000|100%| O|  |TAMS 0x00000000c3800000| PB 0x00000000c3800000| Untracked 
|   7|0x00000000c3900000, 0x00000000c3a00000, 0x00000000c3a00000|100%| O|  |TAMS 0x00000000c3900000| PB 0x00000000c3900000| Untracked 
|   8|0x00000000c3a00000, 0x00000000c3b00000, 0x00000000c3b00000|100%|HS|  |TAMS 0x00000000c3a00000| PB 0x00000000c3a00000| Complete 
|   9|0x00000000c3b00000, 0x00000000c3b00000, 0x00000000c3c00000|  0%| F|  |TAMS 0x00000000c3b00000| PB 0x00000000c3b00000| Untracked 
|  10|0x00000000c3c00000, 0x00000000c3d00000, 0x00000000c3d00000|100%|HS|  |TAMS 0x00000000c3c00000| PB 0x00000000c3c00000| Complete 
|  11|0x00000000c3d00000, 0x00000000c3e00000, 0x00000000c3e00000|100%|HC|  |TAMS 0x00000000c3d00000| PB 0x00000000c3d00000| Complete 
|  12|0x00000000c3e00000, 0x00000000c3f00000, 0x00000000c3f00000|100%| O|  |TAMS 0x00000000c3e00000| PB 0x00000000c3e00000| Untracked 
|  13|0x00000000c3f00000, 0x00000000c4000000, 0x00000000c4000000|100%| O|  |TAMS 0x00000000c3f00000| PB 0x00000000c3f00000| Untracked 
|  14|0x00000000c4000000, 0x00000000c4100000, 0x00000000c4100000|100%| O|  |TAMS 0x00000000c4000000| PB 0x00000000c4000000| Untracked 
|  15|0x00000000c4100000, 0x00000000c4200000, 0x00000000c4200000|100%| O|  |TAMS 0x00000000c4100000| PB 0x00000000c4100000| Untracked 
|  16|0x00000000c4200000, 0x00000000c4300000, 0x00000000c4300000|100%| O|  |TAMS 0x00000000c4200000| PB 0x00000000c4200000| Untracked 
|  17|0x00000000c4300000, 0x00000000c43f38a0, 0x00000000c4400000| 95%| O|  |TAMS 0x00000000c4300000| PB 0x00000000c4300000| Untracked 
|  18|0x00000000c4400000, 0x00000000c4400000, 0x00000000c4500000|  0%| F|  |TAMS 0x00000000c4400000| PB 0x00000000c4400000| Untracked 
|  19|0x00000000c4500000, 0x00000000c4500000, 0x00000000c4600000|  0%| F|  |TAMS 0x00000000c4500000| PB 0x00000000c4500000| Untracked 
|  20|0x00000000c4600000, 0x00000000c4600000, 0x00000000c4700000|  0%| F|  |TAMS 0x00000000c4600000| PB 0x00000000c4600000| Untracked 
|  21|0x00000000c4700000, 0x00000000c4700000, 0x00000000c4800000|  0%| F|  |TAMS 0x00000000c4700000| PB 0x00000000c4700000| Untracked 
|  22|0x00000000c4800000, 0x00000000c4800000, 0x00000000c4900000|  0%| F|  |TAMS 0x00000000c4800000| PB 0x00000000c4800000| Untracked 
|  23|0x00000000c4900000, 0x00000000c4900000, 0x00000000c4a00000|  0%| F|  |TAMS 0x00000000c4900000| PB 0x00000000c4900000| Untracked 
|  24|0x00000000c4a00000, 0x00000000c4a00000, 0x00000000c4b00000|  0%| F|  |TAMS 0x00000000c4a00000| PB 0x00000000c4a00000| Untracked 
|  25|0x00000000c4b00000, 0x00000000c4b00000, 0x00000000c4c00000|  0%| F|  |TAMS 0x00000000c4b00000| PB 0x00000000c4b00000| Untracked 
|  26|0x00000000c4c00000, 0x00000000c4c00000, 0x00000000c4d00000|  0%| F|  |TAMS 0x00000000c4c00000| PB 0x00000000c4c00000| Untracked 
|  27|0x00000000c4d00000, 0x00000000c4d00000, 0x00000000c4e00000|  0%| F|  |TAMS 0x00000000c4d00000| PB 0x00000000c4d00000| Untracked 
|  28|0x00000000c4e00000, 0x00000000c4e00000, 0x00000000c4f00000|  0%| F|  |TAMS 0x00000000c4e00000| PB 0x00000000c4e00000| Untracked 
|  29|0x00000000c4f00000, 0x00000000c4f00000, 0x00000000c5000000|  0%| F|  |TAMS 0x00000000c4f00000| PB 0x00000000c4f00000| Untracked 
|  30|0x00000000c5000000, 0x00000000c5000000, 0x00000000c5100000|  0%| F|  |TAMS 0x00000000c5000000| PB 0x00000000c5000000| Untracked 
|  31|0x00000000c5100000, 0x00000000c5100000, 0x00000000c5200000|  0%| F|  |TAMS 0x00000000c5100000| PB 0x00000000c5100000| Untracked 
|  32|0x00000000c5200000, 0x00000000c5200000, 0x00000000c5300000|  0%| F|  |TAMS 0x00000000c5200000| PB 0x00000000c5200000| Untracked 
|  33|0x00000000c5300000, 0x00000000c5300000, 0x00000000c5400000|  0%| F|  |TAMS 0x00000000c5300000| PB 0x00000000c5300000| Untracked 
|  34|0x00000000c5400000, 0x00000000c5400000, 0x00000000c5500000|  0%| F|  |TAMS 0x00000000c5400000| PB 0x00000000c5400000| Untracked 
|  35|0x00000000c5500000, 0x00000000c5500000, 0x00000000c5600000|  0%| F|  |TAMS 0x00000000c5500000| PB 0x00000000c5500000| Untracked 
|  36|0x00000000c5600000, 0x00000000c5600000, 0x00000000c5700000|  0%| F|  |TAMS 0x00000000c5600000| PB 0x00000000c5600000| Untracked 
|  37|0x00000000c5700000, 0x00000000c5700000, 0x00000000c5800000|  0%| F|  |TAMS 0x00000000c5700000| PB 0x00000000c5700000| Untracked 
|  38|0x00000000c5800000, 0x00000000c5800000, 0x00000000c5900000|  0%| F|  |TAMS 0x00000000c5800000| PB 0x00000000c5800000| Untracked 
|  39|0x00000000c5900000, 0x00000000c5900000, 0x00000000c5a00000|  0%| F|  |TAMS 0x00000000c5900000| PB 0x00000000c5900000| Untracked 
|  40|0x00000000c5a00000, 0x00000000c5a00000, 0x00000000c5b00000|  0%| F|  |TAMS 0x00000000c5a00000| PB 0x00000000c5a00000| Untracked 
|  41|0x00000000c5b00000, 0x00000000c5b00000, 0x00000000c5c00000|  0%| F|  |TAMS 0x00000000c5b00000| PB 0x00000000c5b00000| Untracked 
|  42|0x00000000c5c00000, 0x00000000c5c00000, 0x00000000c5d00000|  0%| F|  |TAMS 0x00000000c5c00000| PB 0x00000000c5c00000| Untracked 
|  43|0x00000000c5d00000, 0x00000000c5d00000, 0x00000000c5e00000|  0%| F|  |TAMS 0x00000000c5d00000| PB 0x00000000c5d00000| Untracked 
|  44|0x00000000c5e00000, 0x00000000c5e00000, 0x00000000c5f00000|  0%| F|  |TAMS 0x00000000c5e00000| PB 0x00000000c5e00000| Untracked 
|  45|0x00000000c5f00000, 0x00000000c5f00000, 0x00000000c6000000|  0%| F|  |TAMS 0x00000000c5f00000| PB 0x00000000c5f00000| Untracked 
|  46|0x00000000c6000000, 0x00000000c6000000, 0x00000000c6100000|  0%| F|  |TAMS 0x00000000c6000000| PB 0x00000000c6000000| Untracked 
|  47|0x00000000c6100000, 0x00000000c6100000, 0x00000000c6200000|  0%| F|  |TAMS 0x00000000c6100000| PB 0x00000000c6100000| Untracked 
|  48|0x00000000c6200000, 0x00000000c6200000, 0x00000000c6300000|  0%| F|  |TAMS 0x00000000c6200000| PB 0x00000000c6200000| Untracked 
|  49|0x00000000c6300000, 0x00000000c6300000, 0x00000000c6400000|  0%| F|  |TAMS 0x00000000c6300000| PB 0x00000000c6300000| Untracked 
|  50|0x00000000c6400000, 0x00000000c6400000, 0x00000000c6500000|  0%| F|  |TAMS 0x00000000c6400000| PB 0x00000000c6400000| Untracked 
|  51|0x00000000c6500000, 0x00000000c6500000, 0x00000000c6600000|  0%| F|  |TAMS 0x00000000c6500000| PB 0x00000000c6500000| Untracked 
|  52|0x00000000c6600000, 0x00000000c6600000, 0x00000000c6700000|  0%| F|  |TAMS 0x00000000c6600000| PB 0x00000000c6600000| Untracked 
|  53|0x00000000c6700000, 0x00000000c6700000, 0x00000000c6800000|  0%| F|  |TAMS 0x00000000c6700000| PB 0x00000000c6700000| Untracked 
|  54|0x00000000c6800000, 0x00000000c6800000, 0x00000000c6900000|  0%| F|  |TAMS 0x00000000c6800000| PB 0x00000000c6800000| Untracked 
|  55|0x00000000c6900000, 0x00000000c6900000, 0x00000000c6a00000|  0%| F|  |TAMS 0x00000000c6900000| PB 0x00000000c6900000| Untracked 
|  56|0x00000000c6a00000, 0x00000000c6a00000, 0x00000000c6b00000|  0%| F|  |TAMS 0x00000000c6a00000| PB 0x00000000c6a00000| Untracked 
|  57|0x00000000c6b00000, 0x00000000c6b00000, 0x00000000c6c00000|  0%| F|  |TAMS 0x00000000c6b00000| PB 0x00000000c6b00000| Untracked 
|  58|0x00000000c6c00000, 0x00000000c6d00000, 0x00000000c6d00000|100%| E|  |TAMS 0x00000000c6c00000| PB 0x00000000c6c00000| Complete 
|  59|0x00000000c6d00000, 0x00000000c6e00000, 0x00000000c6e00000|100%| S|CS|TAMS 0x00000000c6d00000| PB 0x00000000c6d00000| Complete 
|  60|0x00000000c6e00000, 0x00000000c6f00000, 0x00000000c6f00000|100%| E|CS|TAMS 0x00000000c6e00000| PB 0x00000000c6e00000| Complete 
|  74|0x00000000c7c00000, 0x00000000c7d00000, 0x00000000c7d00000|100%| E|CS|TAMS 0x00000000c7c00000| PB 0x00000000c7c00000| Complete 
| 972|0x00000000ffe00000, 0x00000000fff00000, 0x00000000fff00000|100%| O|  |TAMS 0x00000000ffe00000| PB 0x00000000ffe00000| Untracked 
| 973|0x00000000fff00000, 0x00000000fff0c6d0, 0x0000000100000000|  4%| O|Cm|TAMS 0x00000000fff00000| PB 0x00000000fff00000| Complete 

Card table byte_map: [0x0000779ad0c5a000,0x0000779ad0e41000] _byte_map_base: 0x0000779ad0641000

Marking Bits: (CMBitMap*) 0x0000779acc054890
 Bits: [0x0000779ab38c8000, 0x0000779ab4800000)

Polling page: 0x0000779ad315e000

Metaspace:

Usage:
  Non-class:     19.73 MB used.
      Class:      2.55 MB used.
       Both:     22.28 MB used.

Virtual space:
  Non-class space:       64.00 MB reserved,      19.94 MB ( 31%) committed,  1 nodes.
      Class space:        1.00 GB reserved,       2.69 MB ( <1%) committed,  1 nodes.
             Both:        1.06 GB reserved,      22.62 MB (  2%) committed. 

Chunk freelists:
   Non-Class:  12.03 MB
       Class:  13.20 MB
        Both:  25.23 MB

MaxMetaspaceSize: unlimited
CompressedClassSpaceSize: 1.00 GB
Initial GC threshold: 21.00 MB
Current GC threshold: 35.75 MB
CDS: on
 - commit_granule_bytes: 65536.
 - commit_granule_words: 8192.
 - virtual_space_node_default_size: 8388608.
 - enlarge_chunks_in_place: 1.
 - use_allocation_guard: 0.


Internal statistics:

num_allocs_failed_limit: 6.
num_arena_births: 302.
num_arena_deaths: 0.
num_vsnodes_births: 2.
num_vsnodes_deaths: 0.
num_space_committed: 362.
num_space_uncommitted: 0.
num_chunks_returned_to_freelist: 6.
num_chunks_taken_from_freelist: 1054.
num_chunk_merges: 6.
num_chunk_splits: 797.
num_chunks_enlarged: 624.
num_inconsistent_stats: 0.

CodeHeap 'non-profiled nmethods': size=120036Kb used=1614Kb max_used=1614Kb free=118421Kb
 bounds [0x0000779abc2c7000, 0x0000779abc537000, 0x0000779ac3800000]
CodeHeap 'profiled nmethods': size=120032Kb used=7402Kb max_used=7402Kb free=112629Kb
 bounds [0x0000779ab4800000, 0x0000779ab4f40000, 0x0000779abbd38000]
CodeHeap 'non-nmethods': size=5692Kb used=1466Kb max_used=1466Kb free=4225Kb
 bounds [0x0000779abbd38000, 0x0000779abbfa8000, 0x0000779abc2c7000]
CodeCache: size=245760Kb, used=10482Kb, max_used=10482Kb, free=235275Kb
 total_blobs=4498, nmethods=3974, adapters=427, full_count=0
Compilation: enabled, stopped_count=0, restarted_count=0

Compilation events (20 events):
Event: 5.789 Thread 0x0000779acc0dcef0 3949   !   3       java.util.zip.ZipFile::getManifestName (61 bytes)
Event: 5.789 Thread 0x0000779acc0dcef0 nmethod 3949 0x0000779ab4f2ab90 code [0x0000779ab4f2ad60, 0x0000779ab4f2b0f0]
Event: 5.790 Thread 0x0000779acc0dcef0 3950       3       java.lang.invoke.MethodHandleNatives::findMethodHandleType (7 bytes)
Event: 5.791 Thread 0x0000779acc0dcef0 nmethod 3950 0x0000779ab4f2b290 code [0x0000779ab4f2b440, 0x0000779ab4f2b560]
Event: 5.793 Thread 0x0000779acc0dcef0 3951       3       jdk.internal.jimage.BasicImageReader::verifyLocation (39 bytes)
Event: 5.793 Thread 0x0000779acc0dcef0 nmethod 3951 0x0000779ab4f2b610 code [0x0000779ab4f2b7e0, 0x0000779ab4f2bac0]
Event: 5.818 Thread 0x0000779acc0dcef0 3952       3       java.lang.invoke.MemberName::<init> (139 bytes)
Event: 5.819 Thread 0x0000779acc0dcef0 nmethod 3952 0x0000779ab4f2bc10 code [0x0000779ab4f2bf20, 0x0000779ab4f2d060]
Event: 5.821 Thread 0x0000779acc0dcef0 3956       1       com.sun.tools.javac.parser.UnicodeReader::get (5 bytes)
Event: 5.821 Thread 0x0000779acc0dcef0 nmethod 3956 0x0000779abc459c90 code [0x0000779abc459e20, 0x0000779abc459ee8]
Event: 5.821 Thread 0x0000779acc0dcef0 3953       3       com.sun.tools.javac.util.Names::fromString (9 bytes)
Event: 5.821 Thread 0x0000779acc0dcef0 nmethod 3953 0x0000779ab4f2d590 code [0x0000779ab4f2d740, 0x0000779ab4f2d908]
Event: 5.822 Thread 0x0000779acc0dcef0 3954       3       com.sun.tools.javac.util.Name$Table::fromString (14 bytes)
Event: 5.822 Thread 0x0000779acc0dcef0 nmethod 3954 0x0000779ab4f2da10 code [0x0000779ab4f2dc00, 0x0000779ab4f2df40]
Event: 5.822 Thread 0x0000779acc0dcef0 3955       3       com.sun.tools.javac.util.UnsharedNameTable::fromChars (28 bytes)
Event: 5.823 Thread 0x0000779acc0dcef0 nmethod 3955 0x0000779ab4f2e110 code [0x0000779ab4f2e2c0, 0x0000779ab4f2e4f8]
Event: 5.824 Thread 0x0000779acc0dcef0 3957       1       com.sun.tools.javac.util.Convert$Validation::allowSingleByteNul (5 bytes)
Event: 5.824 Thread 0x0000779acc0dcef0 nmethod 3957 0x0000779abc459f90 code [0x0000779abc45a120, 0x0000779abc45a1e8]
Event: 5.824 Thread 0x0000779acc0dcef0 3958       3       com.sun.tools.javac.parser.UnicodeReader::isASCII (15 bytes)
Event: 5.825 Thread 0x0000779acc0dcef0 nmethod 3958 0x0000779ab4f2e610 code [0x0000779ab4f2e7a0, 0x0000779ab4f2e8f8]

GC Heap History (14 events):
Event: 0.506 GC heap before
{Heap before GC invocations=0 (full 0):
 garbage-first heap   total 65536K, used 6193K [0x00000000c3200000, 0x0000000100000000)
  region size 1024K, 6 young (6144K), 0 survivors (0K)
 Metaspace       used 2459K, committed 2624K, reserved 1114112K
  class space    used 231K, committed 320K, reserved 1048576K
}
Event: 0.513 GC heap after
{Heap after GC invocations=1 (full 0):
 garbage-first heap   total 65536K, used 3025K [0x00000000c3200000, 0x0000000100000000)
  region size 1024K, 1 young (1024K), 1 survivors (1024K)
 Metaspace       used 2459K, committed 2624K, reserved 1114112K
  class space    used 231K, committed 320K, reserved 1048576K
}
Event: 0.791 GC heap before
{Heap before GC invocations=1 (full 0):
 garbage-first heap   total 65536K, used 8145K [0x00000000c3200000, 0x0000000100000000)
  region size 1024K, 6 young (6144K), 1 survivors (1024K)
 Metaspace       used 3955K, committed 4160K, reserved 1114112K
  class space    used 411K, committed 512K, reserved 1048576K
}
Event: 0.797 GC heap after
{Heap after GC invocations=2 (full 0):
 garbage-first heap   total 65536K, used 3678K [0x00000000c3200000, 0x0000000100000000)
  region size 1024K, 1 young (1024K), 1 survivors (1024K)
 Metaspace       used 3955K, committed 4160K, reserved 1114112K
  class space    used 411K, committed 512K, reserved 1048576K
}
Event: 1.305 GC heap before
{Heap before GC invocations=2 (full 0):
 garbage-first heap   total 65536K, used 16990K [0x00000000c3200000, 0x0000000100000000)
  region size 1024K, 14 young (14336K), 1 survivors (1024K)
 Metaspace       used 5827K, committed 5952K, reserved 1114112K
  class space    used 667K, committed 704K, reserved 1048576K
}
Event: 1.309 GC heap after
{Heap after GC invocations=3 (full 0):
 garbage-first heap   total 65536K, used 4323K [0x00000000c3200000, 0x0000000100000000)
  region size 1024K, 2 young (2048K), 2 survivors (2048K)
 Metaspace       used 5827K, committed 5952K, reserved 1114112K
  class space    used 667K, committed 704K, reserved 1048576K
}
Event: 3.122 GC heap before
{Heap before GC invocations=3 (full 0):
 garbage-first heap   total 65536K, used 39139K [0x00000000c3200000, 0x0000000100000000)
  region size 1024K, 37 young (37888K), 2 survivors (2048K)
 Metaspace       used 13199K, committed 13504K, reserved 1114112K
  class space    used 1533K, committed 1664K, reserved 1048576K
}
Event: 3.137 GC heap after
{Heap after GC invocations=4 (full 0):
 garbage-first heap   total 65536K, used 7186K [0x00000000c3200000, 0x0000000100000000)
  region size 1024K, 4 young (4096K), 4 survivors (4096K)
 Metaspace       used 13199K, committed 13504K, reserved 1114112K
  class space    used 1533K, committed 1664K, reserved 1048576K
}
Event: 4.093 GC heap before
{Heap before GC invocations=4 (full 0):
 garbage-first heap   total 65536K, used 40978K [0x00000000c3200000, 0x0000000100000000)
  region size 1024K, 37 young (37888K), 4 survivors (4096K)
 Metaspace       used 14187K, committed 14528K, reserved 1114112K
  class space    used 1615K, committed 1792K, reserved 1048576K
}
Event: 4.113 GC heap after
{Heap after GC invocations=5 (full 0):
 garbage-first heap   total 65536K, used 9333K [0x00000000c3200000, 0x0000000100000000)
  region size 1024K, 2 young (2048K), 2 survivors (2048K)
 Metaspace       used 14187K, committed 14528K, reserved 1114112K
  class space    used 1615K, committed 1792K, reserved 1048576K
}
Event: 5.297 GC heap before
{Heap before GC invocations=5 (full 0):
 garbage-first heap   total 65536K, used 50293K [0x00000000c3200000, 0x0000000100000000)
  region size 1024K, 37 young (37888K), 2 survivors (2048K)
 Metaspace       used 17792K, committed 18176K, reserved 1114112K
  class space    used 2008K, committed 2176K, reserved 1048576K
}
Event: 5.315 GC heap after
{Heap after GC invocations=6 (full 0):
 garbage-first heap   total 65536K, used 19081K [0x00000000c3200000, 0x0000000100000000)
  region size 1024K, 5 young (5120K), 5 survivors (5120K)
 Metaspace       used 17792K, committed 18176K, reserved 1114112K
  class space    used 2008K, committed 2176K, reserved 1048576K
}
Event: 5.588 GC heap before
{Heap before GC invocations=6 (full 0):
 garbage-first heap   total 65536K, used 20105K [0x00000000c3200000, 0x0000000100000000)
  region size 1024K, 7 young (7168K), 5 survivors (5120K)
 Metaspace       used 21155K, committed 21504K, reserved 1114112K
  class space    used 2450K, committed 2624K, reserved 1048576K
}
Event: 5.602 GC heap after
{Heap after GC invocations=7 (full 0):
 garbage-first heap   total 78848K, used 20479K [0x00000000c3200000, 0x0000000100000000)
  region size 1024K, 1 young (1024K), 1 survivors (1024K)
 Metaspace       used 21155K, committed 21504K, reserved 1114112K
  class space    used 2450K, committed 2624K, reserved 1048576K
}

Dll operation events (7 events):
Event: 0.004 Loaded shared library /usr/lib/jvm/java-21-openjdk-amd64/lib/libjava.so
Event: 0.055 Loaded shared library /usr/lib/jvm/java-21-openjdk-amd64/lib/libjsvml.so
Event: 0.070 Loaded shared library /usr/lib/jvm/java-21-openjdk-amd64/lib/libnio.so
Event: 0.076 Loaded shared library /usr/lib/jvm/java-21-openjdk-amd64/lib/libzip.so
Event: 0.095 Loaded shared library /usr/lib/jvm/java-21-openjdk-amd64/lib/libnet.so
Event: 0.268 Loaded shared library /usr/lib/jvm/java-21-openjdk-amd64/lib/libjimage.so
Event: 0.430 Loaded shared library /usr/lib/jvm/java-21-openjdk-amd64/lib/libverify.so

Deoptimization events (20 events):
Event: 5.219 Thread 0x0000779acc01a1b0 DEOPT PACKING pc=0x0000779abc44833c sp=0x0000779ad17fc440
Event: 5.219 Thread 0x0000779acc01a1b0 DEOPT UNPACKING pc=0x0000779abbd8bf99 sp=0x0000779ad17fc3c0 mode 2
Event: 5.223 Thread 0x0000779acc01a1b0 Uncommon trap: trap_request=0xffffffde fr.pc=0x0000779abc38bf8c relative=0x00000000000001ac
Event: 5.223 Thread 0x0000779acc01a1b0 Uncommon trap: reason=class_check action=maybe_recompile pc=0x0000779abc38bf8c method=java.util.concurrent.locks.AbstractQueuedSynchronizer.release(I)Z @ 2 c2
Event: 5.223 Thread 0x0000779acc01a1b0 DEOPT PACKING pc=0x0000779abc38bf8c sp=0x0000779ad17fc4e0
Event: 5.223 Thread 0x0000779acc01a1b0 DEOPT UNPACKING pc=0x0000779abbd8bf99 sp=0x0000779ad17fc498 mode 2
Event: 5.767 Thread 0x0000779acc01a1b0 Uncommon trap: trap_request=0xffffff45 fr.pc=0x0000779abc3f99a0 relative=0x0000000000001140
Event: 5.767 Thread 0x0000779acc01a1b0 Uncommon trap: reason=unstable_if action=reinterpret pc=0x0000779abc3f99a0 method=java.lang.String.regionMatches(ZILjava/lang/String;II)Z @ 36 c2
Event: 5.767 Thread 0x0000779acc01a1b0 DEOPT PACKING pc=0x0000779abc3f99a0 sp=0x0000779ad17fc9b0
Event: 5.767 Thread 0x0000779acc01a1b0 DEOPT UNPACKING pc=0x0000779abbd8bf99 sp=0x0000779ad17fc8a0 mode 2
Event: 5.767 Thread 0x0000779acc01a1b0 Uncommon trap: trap_request=0xffffffde fr.pc=0x0000779abc2f8ec8 relative=0x0000000000000748
Event: 5.767 Thread 0x0000779acc01a1b0 Uncommon trap: reason=class_check action=maybe_recompile pc=0x0000779abc2f8ec8 method=jdk.internal.loader.URLClassPath.getLoader(I)Ljdk/internal/loader/URLClassPath$Loader; @ 88 c2
Event: 5.767 Thread 0x0000779acc01a1b0 DEOPT PACKING pc=0x0000779abc2f8ec8 sp=0x0000779ad17fccf0
Event: 5.767 Thread 0x0000779acc01a1b0 DEOPT UNPACKING pc=0x0000779abbd8bf99 sp=0x0000779ad17fccc0 mode 2
Event: 5.778 Thread 0x0000779acc01a1b0 DEOPT PACKING pc=0x0000779ab4e53fac sp=0x0000779ad17fc3a0
Event: 5.778 Thread 0x0000779acc01a1b0 DEOPT UNPACKING pc=0x0000779abbd8c72f sp=0x0000779ad17fb940 mode 0
Event: 5.788 Thread 0x0000779acc01a1b0 Uncommon trap: trap_request=0xffffffde fr.pc=0x0000779abc2f8ec8 relative=0x0000000000000748
Event: 5.788 Thread 0x0000779acc01a1b0 Uncommon trap: reason=class_check action=maybe_recompile pc=0x0000779abc2f8ec8 method=jdk.internal.loader.URLClassPath.getLoader(I)Ljdk/internal/loader/URLClassPath$Loader; @ 88 c2
Event: 5.788 Thread 0x0000779acc01a1b0 DEOPT PACKING pc=0x0000779abc2f8ec8 sp=0x0000779ad17fccf0
Event: 5.788 Thread 0x0000779acc01a1b0 DEOPT UNPACKING pc=0x0000779abbd8bf99 sp=0x0000779ad17fccc0 mode 2

Classes loaded (20 events):
Event: 5.289 Loading class java/nio/ByteBufferAsIntBufferL
Event: 5.290 Loading class java/nio/ByteBufferAsIntBufferL done
Event: 5.291 Loading class jdk/internal/jimage/ImageReader$Resource
Event: 5.291 Loading class jdk/internal/jimage/ImageReader$Resource done
Event: 5.292 Loading class jdk/internal/jrtfs/JrtFileAttributes
Event: 5.292 Loading class jdk/internal/jrtfs/JrtFileAttributes done
Event: 5.337 Loading class java/util/concurrent/atomic/AtomicBoolean
Event: 5.337 Loading class java/util/concurrent/atomic/AtomicBoolean done
Event: 5.338 Loading class java/lang/invoke/VarHandleInts$FieldInstanceReadWrite
Event: 5.338 Loading class java/lang/invoke/VarHandleInts$FieldInstanceReadOnly
Event: 5.338 Loading class java/lang/invoke/VarHandleInts$FieldInstanceReadOnly done
Event: 5.338 Loading class java/lang/invoke/VarHandleInts$FieldInstanceReadWrite done
Event: 5.789 Loading class java/lang/UnsupportedClassVersionError
Event: 5.790 Loading class java/lang/UnsupportedClassVersionError done
Event: 5.791 Loading class java/util/ImmutableCollections$Access
Event: 5.791 Loading class java/util/ImmutableCollections$Access done
Event: 5.791 Loading class java/util/ImmutableCollections$Access$1
Event: 5.791 Loading class jdk/internal/access/JavaUtilCollectionAccess
Event: 5.791 Loading class jdk/internal/access/JavaUtilCollectionAccess done
Event: 5.791 Loading class java/util/ImmutableCollections$Access$1 done

Classes unloaded (0 events):
No events

Classes redefined (0 events):
No events

Internal exceptions (20 events):
Event: 2.857 Thread 0x0000779acc01a1b0 Exception <a 'java/lang/NoSuchMethodError'{0x00000000c4f212d8}: 'int java.lang.invoke.DirectMethodHandle$Holder.invokeSpecial(java.lang.Object, java.lang.Object, java.lang.Object, int)'> (0x00000000c4f212d8) 
thrown [./src/hotspot/share/interpreter/linkResolver.cpp, line 772]
Event: 2.859 Thread 0x0000779acc01a1b0 Exception <a 'java/lang/NoSuchMethodError'{0x00000000c4f31728}: 'java.lang.Object java.lang.invoke.DirectMethodHandle$Holder.invokeStatic(java.lang.Object, java.lang.Object, java.lang.Object, java.lang.Object, int)'> (0x00000000c4f31728) 
thrown [./src/hotspot/share/interpreter/linkResolver.cpp, line 772]
Event: 2.861 Thread 0x0000779acc01a1b0 Exception <a 'java/lang/NoSuchMethodError'{0x00000000c4f3cbf0}: 'void java.lang.invoke.DelegatingMethodHandle$Holder.reinvoke_L(java.lang.Object, java.lang.Object, int)'> (0x00000000c4f3cbf0) 
thrown [./src/hotspot/share/interpreter/linkResolver.cpp, line 772]
Event: 3.707 Thread 0x0000779acc01a1b0 Implicit null exception at 0x0000779abc34d498 to 0x0000779abc34d6a4
Event: 3.707 Thread 0x0000779acc01a1b0 Implicit null exception at 0x0000779abc32e198 to 0x0000779abc32e3a0
Event: 3.707 Thread 0x0000779acc01a1b0 Implicit null exception at 0x0000779abc35bbbd to 0x0000779abc35bc41
Event: 3.891 Thread 0x0000779acc01a1b0 Exception <a 'java/lang/NoSuchMethodError'{0x00000000c5678e78}: 'void java.lang.invoke.Invokers$Holder.invokeExact_MT(java.lang.Object, java.lang.Object, int, java.lang.Object)'> (0x00000000c5678e78) 
thrown [./src/hotspot/share/interpreter/linkResolver.cpp, line 772]
Event: 4.871 Thread 0x0000779acc01a1b0 Exception <a 'java/lang/NoSuchMethodError'{0x00000000c59308a8}: 'java.lang.Object java.lang.invoke.DirectMethodHandle$Holder.invokeInterface(java.lang.Object, java.lang.Object)'> (0x00000000c59308a8) 
thrown [./src/hotspot/share/interpreter/linkResolver.cpp, line 772]
Event: 4.913 Thread 0x0000779acc01a1b0 Exception <a 'java/lang/NoSuchMethodError'{0x00000000c59b6820}: 'void java.lang.invoke.DirectMethodHandle$Holder.invokeVirtual(java.lang.Object, java.lang.Object)'> (0x00000000c59b6820) 
thrown [./src/hotspot/share/interpreter/linkResolver.cpp, line 772]
Event: 4.918 Thread 0x0000779acc01a1b0 Exception <a 'java/lang/IncompatibleClassChangeError'{0x00000000c59be290}: Found class java.lang.Object, but interface was expected> (0x00000000c59be290) 
thrown [./src/hotspot/share/interpreter/linkResolver.cpp, line 840]
Event: 4.921 Thread 0x0000779acc01a1b0 Exception <a 'java/lang/NoSuchMethodError'{0x00000000c59c1020}: 'int java.lang.invoke.DirectMethodHandle$Holder.invokeVirtual(java.lang.Object, java.lang.Object)'> (0x00000000c59c1020) 
thrown [./src/hotspot/share/interpreter/linkResolver.cpp, line 772]
Event: 4.925 Thread 0x0000779acc01a1b0 Exception <a 'java/lang/NoSuchMethodError'{0x00000000c59c9de0}: 'void java.lang.invoke.DirectMethodHandle$Holder.invokeInterface(java.lang.Object, java.lang.Object, java.lang.Object)'> (0x00000000c59c9de0) 
thrown [./src/hotspot/share/interpreter/linkResolver.cpp, line 772]
Event: 5.070 Thread 0x0000779acc01a1b0 Exception <a 'java/lang/NoSuchMethodError'{0x00000000c58ca578}: 'java.lang.Object java.lang.invoke.DirectMethodHandle$Holder.invokeVirtual(java.lang.Object, java.lang.Object, java.lang.Object)'> (0x00000000c58ca578) 
thrown [./src/hotspot/share/interpreter/linkResolver.cpp, line 772]
Event: 5.073 Thread 0x0000779acc01a1b0 Exception <a 'java/lang/NoSuchMethodError'{0x00000000c58d0898}: 'int java.lang.invoke.DirectMethodHandle$Holder.invokeInterface(java.lang.Object, java.lang.Object)'> (0x00000000c58d0898) 
thrown [./src/hotspot/share/interpreter/linkResolver.cpp, line 772]
Event: 5.135 Thread 0x0000779acc01a1b0 Exception <a 'java/lang/NoSuchMethodError'{0x00000000c56a6d08}: 'int java.lang.invoke.DirectMethodHandle$Holder.invokeVirtual(java.lang.Object, java.lang.Object, java.lang.Object)'> (0x00000000c56a6d08) 
thrown [./src/hotspot/share/interpreter/linkResolver.cpp, line 772]
Event: 5.143 Thread 0x0000779acc01a1b0 Exception <a 'java/lang/NoSuchMethodError'{0x00000000c56b3c70}: 'int java.lang.invoke.DirectMethodHandle$Holder.invokeStaticInit(java.lang.Object, java.lang.Object, java.lang.Object)'> (0x00000000c56b3c70) 
thrown [./src/hotspot/share/interpreter/linkResolver.cpp, line 772]
Event: 5.284 Thread 0x0000779acc01a1b0 Exception <a 'java/lang/NoSuchMethodError'{0x00000000c4bdce40}: 'void java.lang.invoke.DirectMethodHandle$Holder.invokeStatic(java.lang.Object, java.lang.Object)'> (0x00000000c4bdce40) 
thrown [./src/hotspot/share/interpreter/linkResolver.cpp, line 772]
Event: 5.287 Thread 0x0000779acc01a1b0 Exception <a 'java/lang/NoSuchMethodError'{0x00000000c4be6d68}: 'void java.lang.invoke.DirectMethodHandle$Holder.invokeStatic(java.lang.Object, java.lang.Object, java.lang.Object)'> (0x00000000c4be6d68) 
thrown [./src/hotspot/share/interpreter/linkResolver.cpp, line 772]
Event: 5.491 Thread 0x0000779acc01a1b0 Exception <a 'java/lang/NoSuchMethodError'{0x00000000c6e2b360}: 'int java.lang.invoke.DirectMethodHandle$Holder.invokeStaticInit(java.lang.Object, java.lang.Object)'> (0x00000000c6e2b360) 
thrown [./src/hotspot/share/interpreter/linkResolver.cpp, line 772]
Event: 5.700 Thread 0x0000779acc01a1b0 Exception <a 'java/lang/NoSuchMethodError'{0x00000000c7c728f0}: 'java.lang.Object java.lang.invoke.DirectMethodHandle$Holder.newInvokeSpecial(java.lang.Object, java.lang.Object, java.lang.Object, java.lang.Object, java.lang.Object, java.lang.Object)'> (0x00000000c7c728f0) 
thrown [./src/hotspot/share/interpreter/linkResolver.cpp, line 772]

ZGC Phase Switch (0 events):
No events

VM Operations (20 events):
Event: 4.475 Executing non-safepoint VM operation: HandshakeAllThreads (Deoptimize)
Event: 4.476 Executing non-safepoint VM operation: HandshakeAllThreads (Deoptimize) done
Event: 4.795 Executing safepoint VM operation: ICBufferFull
Event: 4.795 Executing safepoint VM operation: ICBufferFull done
Event: 5.004 Executing non-safepoint VM operation: HandshakeAllThreads (Deoptimize)
Event: 5.004 Executing non-safepoint VM operation: HandshakeAllThreads (Deoptimize) done
Event: 5.069 Executing non-safepoint VM operation: HandshakeAllThreads (Deoptimize)
Event: 5.069 Executing non-safepoint VM operation: HandshakeAllThreads (Deoptimize) done
Event: 5.291 Executing non-safepoint VM operation: HandshakeAllThreads (Deoptimize)
Event: 5.291 Executing non-safepoint VM operation: HandshakeAllThreads (Deoptimize) done
Event: 5.296 Executing safepoint VM operation: G1CollectForAllocation (G1 Evacuation Pause)
Event: 5.315 Executing safepoint VM operation: G1CollectForAllocation (G1 Evacuation Pause) done
Event: 5.588 Executing safepoint VM operation: CollectForMetadataAllocation (Metadata GC Threshold)
Event: 5.604 Executing safepoint VM operation: CollectForMetadataAllocation (Metadata GC Threshold) done
Event: 5.648 Executing safepoint VM operation: CollectForMetadataAllocation (Metadata GC Threshold)
Event: 5.648 Executing safepoint VM operation: CollectForMetadataAllocation (Metadata GC Threshold) done
Event: 5.648 Executing safepoint VM operation: G1PauseRemark
Event: 5.664 Executing safepoint VM operation: G1PauseRemark done
Event: 5.683 Executing safepoint VM operation: G1PauseCleanup
Event: 5.686 Executing safepoint VM operation: G1PauseCleanup done

Memory protections (11 events):
Event: 0.004 Protecting memory [0x0000779ad1700000,0x0000779ad1704000] with protection modes 0
Event: 0.051 Protecting memory [0x0000779ad01d0000,0x0000779ad01d4000] with protection modes 0
Event: 0.052 Protecting memory [0x0000779ad00d0000,0x0000779ad00d4000] with protection modes 0
Event: 0.053 Protecting memory [0x0000779acbf00000,0x0000779acbf04000] with protection modes 0
Event: 0.053 Protecting memory [0x0000779ab1100000,0x0000779ab1104000] with protection modes 0
Event: 0.053 Protecting memory [0x0000779ab1000000,0x0000779ab1004000] with protection modes 0
Event: 0.054 Protecting memory [0x0000779ab0f00000,0x0000779ab0f04000] with protection modes 0
Event: 0.055 Protecting memory [0x0000779ab0e00000,0x0000779ab0e04000] with protection modes 0
Event: 0.064 Protecting memory [0x0000779ab0c2f000,0x0000779ab0c33000] with protection modes 0
Event: 0.067 Protecting memory [0x0000779ab0b2f000,0x0000779ab0b33000] with protection modes 0
Event: 0.263 Protecting memory [0x0000779ab0a2f000,0x0000779ab0a33000] with protection modes 0

Nmethod flushes (0 events):
No events

Events (12 events):
Event: 0.036 Thread 0x0000779acc01a1b0 Thread added: 0x0000779acc01a1b0
Event: 0.051 Thread 0x0000779acc01a1b0 Thread added: 0x0000779acc0d4290
Event: 0.052 Thread 0x0000779acc01a1b0 Thread added: 0x0000779acc0d5810
Event: 0.053 Thread 0x0000779acc01a1b0 Thread added: 0x0000779acc0d70d0
Event: 0.053 Thread 0x0000779acc01a1b0 Thread added: 0x0000779acc0d8720
Event: 0.053 Thread 0x0000779acc01a1b0 Thread added: 0x0000779acc0d9cd0
Event: 0.053 Thread 0x0000779acc01a1b0 Thread added: 0x0000779acc0db820
Event: 0.055 Thread 0x0000779acc01a1b0 Thread added: 0x0000779acc0dcef0
Event: 0.063 Thread 0x0000779acc01a1b0 Thread added: 0x0000779acc0f8ec0
Event: 0.067 Thread 0x0000779acc01a1b0 Thread added: 0x0000779acc0fc200
Event: 0.262 Thread 0x0000779acc01a1b0 Thread added: 0x0000779acc304c00
Event: 0.283 Thread 0x0000779acc304c00 Thread exited: 0x0000779acc304c00


Dynamic libraries:
c3200000-c6f00000 rw-p 00000000 00:00 0 
c6f00000-c7c00000 ---p 00000000 00:00 0 
c7c00000-c7d00000 rw-p 00000000 00:00 0 
c7d00000-ffe00000 ---p 00000000 00:00 0 
ffe00000-fff0d000 rw-p 00cdb000 08:02 2621659                            /usr/lib/jvm/java-21-openjdk-amd64/lib/server/classes.jsa
fff0d000-100000000 rw-p 00000000 00:00 0 
60aa22cc7000-60aa22cc8000 r--p 00000000 08:02 2103560                    /usr/lib/jvm/java-21-openjdk-amd64/bin/java
60aa22cc8000-60aa22cc9000 r-xp 00001000 08:02 2103560                    /usr/lib/jvm/java-21-openjdk-amd64/bin/java
60aa22cc9000-60aa22cca000 r--p 00002000 08:02 2103560                    /usr/lib/jvm/java-21-openjdk-amd64/bin/java
60aa22cca000-60aa22ccb000 r--p 00002000 08:02 2103560                    /usr/lib/jvm/java-21-openjdk-amd64/bin/java
60aa22ccb000-60aa22ccc000 rw-p 00003000 08:02 2103560                    /usr/lib/jvm/java-21-openjdk-amd64/bin/java
60aa35a2d000-60aa35a74000 rw-p 00000000 00:00 0                          [heap]
779a30000000-779a312e3000 rw-p 00000000 00:00 0 
779a312e3000-779a34000000 ---p 00000000 00:00 0 
779a34000000-779a3450d000 rw-p 00000000 00:00 0 
779a3450d000-779a38000000 ---p 00000000 00:00 0 
779a38000000-779a38021000 rw-p 00000000 00:00 0 
779a38021000-779a3c000000 ---p 00000000 00:00 0 
779a3c000000-779a3c021000 rw-p 00000000 00:00 0 
779a3c021000-779a40000000 ---p 00000000 00:00 0 
779a40000000-779a40021000 rw-p 00000000 00:00 0 
779a40021000-779a44000000 ---p 00000000 00:00 0 
779a44000000-779a44021000 rw-p 00000000 00:00 0 
779a44021000-779a48000000 ---p 00000000 00:00 0 
779a48000000-779a48021000 rw-p 00000000 00:00 0 
779a48021000-779a4c000000 ---p 00000000 00:00 0 
779a4c000000-779a4c021000 rw-p 00000000 00:00 0 
779a4c021000-779a50000000 ---p 00000000 00:00 0 
779a50000000-779a50400000 rw-p 00000000 00:00 0 
779a50400000-779a50fc0000 rw-p 00000000 00:00 0 
779a50fc0000-779a50ff0000 rw-p 00000000 00:00 0 
779a50ff0000-779a51000000 ---p 00000000 00:00 0 
779a51000000-779a51400000 rw-p 00000000 00:00 0 
779a51400000-779a54000000 ---p 00000000 00:00 0 
779a54000000-779a54021000 rw-p 00000000 00:00 0 
779a54021000-779a58000000 ---p 00000000 00:00 0 
779a5b000000-779a5bc9c000 rw-p 00001000 08:02 2621659                    /usr/lib/jvm/java-21-openjdk-amd64/lib/server/classes.jsa
779a5bc9c000-779a5c000000 ---p 00000000 00:00 0 
779a5c000000-779a5c040000 rw-p 00000000 00:00 0 
779a5c040000-779a5c080000 rw-p 00000000 00:00 0 
779a5c080000-779a5c1c0000 rw-p 00000000 00:00 0 
779a5c1c0000-779a5c1e0000 rw-p 00000000 00:00 0 
779a5c1e0000-779a5c200000 ---p 00000000 00:00 0 
779a5c200000-779a5c2d0000 rw-p 00000000 00:00 0 
779a5c2d0000-779a9c000000 ---p 00000000 00:00 0 
779a9c000000-779a9c021000 rw-p 00000000 00:00 0 
779a9c021000-779aa0000000 ---p 00000000 00:00 0 
779aa0000000-779aa0021000 rw-p 00000000 00:00 0 
779aa0021000-779aa4000000 ---p 00000000 00:00 0 
779aa4000000-779aa4021000 rw-p 00000000 00:00 0 
779aa4021000-779aa8000000 ---p 00000000 00:00 0 
779aa8000000-779aa8021000 rw-p 00000000 00:00 0 
779aa8021000-779aac000000 ---p 00000000 00:00 0 
779aac000000-779aac021000 rw-p 00000000 00:00 0 
779aac021000-779ab0000000 ---p 00000000 00:00 0 
779ab045f000-779ab092e000 rw-p 00000000 00:00 0 
779ab092e000-779ab092f000 ---p 00000000 00:00 0 
779ab092f000-779ab0a2f000 rw-p 00000000 00:00 0 
779ab0a2f000-779ab0a33000 ---p 00000000 00:00 0 
779ab0a33000-779ab0b2f000 rw-p 00000000 00:00 0 
779ab0b2f000-779ab0b33000 ---p 00000000 00:00 0 
779ab0b33000-779ab0c2f000 rw-p 00000000 00:00 0 
779ab0c2f000-779ab0c33000 ---p 00000000 00:00 0 
779ab0c33000-779ab0d2f000 rw-p 00000000 00:00 0 
779ab0d2f000-779ab0d34000 r--p 00000000 08:02 2108089                    /usr/lib/jvm/java-21-openjdk-amd64/lib/libjsvml.so
779ab0d34000-779ab0d75000 r-xp 00005000 08:02 2108089                    /usr/lib/jvm/java-21-openjdk-amd64/lib/libjsvml.so
779ab0d75000-779ab0dfe000 r--p 00046000 08:02 2108089                    /usr/lib/jvm/java-21-openjdk-amd64/lib/libjsvml.so
779ab0dfe000-779ab0dff000 r--p 000ce000 08:02 2108089                    /usr/lib/jvm/java-21-openjdk-amd64/lib/libjsvml.so
779ab0dff000-779ab0e00000 rw-p 000cf000 08:02 2108089                    /usr/lib/jvm/java-21-openjdk-amd64/lib/libjsvml.so
779ab0e00000-779ab0e04000 ---p 00000000 00:00 0 
779ab0e04000-779ab0f00000 rw-p 00000000 00:00 0 
779ab0f00000-779ab0f04000 ---p 00000000 00:00 0 
779ab0f04000-779ab1000000 rw-p 00000000 00:00 0 
779ab1000000-779ab1004000 ---p 00000000 00:00 0 
779ab1004000-779ab1100000 rw-p 00000000 00:00 0 
779ab1100000-779ab1104000 ---p 00000000 00:00 0 
779ab1104000-779ab1200000 rw-p 00000000 00:00 0 
779ab1200000-779ab1775000 r--p 00000000 08:02 1969820                    /usr/lib/locale/locale-archive
779ab1800000-779ab3800000 rw-p 00000000 00:00 0 
779ab38c8000-779ab39bc000 rw-p 00000000 00:00 0 
779ab39bc000-779ab39f0000 ---p 00000000 00:00 0 
779ab39f0000-779ab39f4000 rw-p 00000000 00:00 0 
779ab39f4000-779ab47f8000 ---p 00000000 00:00 0 
779ab47f8000-779ab4800000 rw-p 00000000 00:00 0 
779ab4800000-779ab4f50000 rwxp 00000000 00:00 0 
779ab4f50000-779abbd38000 ---p 00000000 00:00 0 
779abbd38000-779abbfa8000 rwxp 00000000 00:00 0 
779abbfa8000-779abc2c7000 ---p 00000000 00:00 0 
779abc2c7000-779abc537000 rwxp 00000000 00:00 0 
779abc537000-779ac3800000 ---p 00000000 00:00 0 
779ac3800000-779acbe3e000 r--s 00000000 08:02 2108801                    /usr/lib/jvm/java-21-openjdk-amd64/lib/modules
779acbf00000-779acbf04000 ---p 00000000 00:00 0 
779acbf04000-779acc000000 rw-p 00000000 00:00 0 
779acc000000-779accf8c000 rw-p 00000000 00:00 0 
779accf8c000-779ad0000000 ---p 00000000 00:00 0 
779ad00b5000-779ad00b9000 r--p 00000000 08:02 2108432                    /usr/lib/jvm/java-21-openjdk-amd64/lib/libverify.so
779ad00b9000-779ad00c0000 r-xp 00004000 08:02 2108432                    /usr/lib/jvm/java-21-openjdk-amd64/lib/libverify.so
779ad00c0000-779ad00c2000 r--p 0000b000 08:02 2108432                    /usr/lib/jvm/java-21-openjdk-amd64/lib/libverify.so
779ad00c2000-779ad00c4000 r--p 0000c000 08:02 2108432                    /usr/lib/jvm/java-21-openjdk-amd64/lib/libverify.so
779ad00c4000-779ad00c5000 rw-p 0000e000 08:02 2108432                    /usr/lib/jvm/java-21-openjdk-amd64/lib/libverify.so
779ad00c5000-779ad00c7000 r--p 00000000 08:02 2108433                    /usr/lib/jvm/java-21-openjdk-amd64/lib/libzip.so
779ad00c7000-779ad00cc000 r-xp 00002000 08:02 2108433                    /usr/lib/jvm/java-21-openjdk-amd64/lib/libzip.so
779ad00cc000-779ad00ce000 r--p 00007000 08:02 2108433                    /usr/lib/jvm/java-21-openjdk-amd64/lib/libzip.so
779ad00ce000-779ad00cf000 r--p 00008000 08:02 2108433                    /usr/lib/jvm/java-21-openjdk-amd64/lib/libzip.so
779ad00cf000-779ad00d0000 rw-p 00009000 08:02 2108433                    /usr/lib/jvm/java-21-openjdk-amd64/lib/libzip.so
779ad00d0000-779ad00d4000 ---p 00000000 00:00 0 
779ad00d4000-779ad01d0000 rw-p 00000000 00:00 0 
779ad01d0000-779ad01d4000 ---p 00000000 00:00 0 
779ad01d4000-779ad02d0000 rw-p 00000000 00:00 0 
779ad02d0000-779ad02d1000 ---p 00000000 00:00 0 
779ad02d1000-779ad03d1000 rw-p 00000000 00:00 0 
779ad03d1000-779ad03d2000 ---p 00000000 00:00 0 
779ad03d2000-779ad04d2000 rw-p 00000000 00:00 0 
779ad04d2000-779ad0553000 rw-p 00000000 00:00 0 
779ad0553000-779ad0554000 ---p 00000000 00:00 0 
779ad0554000-779ad0654000 rw-p 00000000 00:00 0 
779ad0654000-779ad0655000 ---p 00000000 00:00 0 
779ad0655000-779ad0755000 rw-p 00000000 00:00 0 
779ad0755000-779ad0957000 rw-p 00000000 00:00 0 
779ad0957000-779ad0958000 ---p 00000000 00:00 0 
779ad0958000-779ad0a58000 rw-p 00000000 00:00 0 
779ad0a58000-779ad0a59000 ---p 00000000 00:00 0 
779ad0a59000-779ad0b59000 rw-p 00000000 00:00 0 
779ad0b59000-779ad0b5a000 ---p 00000000 00:00 0 
779ad0b5a000-779ad0c5a000 rw-p 00000000 00:00 0 
779ad0c5a000-779ad0c79000 rw-p 00000000 00:00 0 
779ad0c79000-779ad0c7f000 ---p 00000000 00:00 0 
779ad0c7f000-779ad0c80000 rw-p 00000000 00:00 0 
779ad0c80000-779ad0e40000 ---p 00000000 00:00 0 
779ad0e40000-779ad0e60000 rw-p 00000000 00:00 0 
779ad0e60000-779ad0e66000 ---p 00000000 00:00 0 
779ad0e66000-779ad0e67000 rw-p 00000000 00:00 0 
779ad0e67000-779ad1027000 ---p 00000000 00:00 0 
779ad1027000-779ad122f000 rw-p 00000000 00:00 0 
779ad122f000-779ad1315000 ---p 00000000 00:00 0 
779ad1315000-779ad1324000 rw-p 00000000 00:00 0 
779ad1324000-779ad1400000 ---p 00000000 00:00 0 
779ad1400000-779ad149d000 r--p 00000000 08:02 1978101                    /usr/lib/x86_64-linux-gnu/libstdc++.so.6.0.33
779ad149d000-779ad15e5000 r-xp 0009d000 08:02 1978101                    /usr/lib/x86_64-linux-gnu/libstdc++.so.6.0.33
779ad15e5000-779ad166c000 r--p 001e5000 08:02 1978101                    /usr/lib/x86_64-linux-gnu/libstdc++.so.6.0.33
779ad166c000-779ad1677000 r--p 0026b000 08:02 1978101                    /usr/lib/x86_64-linux-gnu/libstdc++.so.6.0.33
779ad1677000-779ad167a000 rw-p 00276000 08:02 1978101                    /usr/lib/x86_64-linux-gnu/libstdc++.so.6.0.33
779ad167a000-779ad167e000 rw-p 00000000 00:00 0 
779ad1680000-779ad1683000 r--p 00000000 08:02 2108268                    /usr/lib/jvm/java-21-openjdk-amd64/lib/libnet.so
779ad1683000-779ad168b000 r-xp 00003000 08:02 2108268                    /usr/lib/jvm/java-21-openjdk-amd64/lib/libnet.so
779ad168b000-779ad168d000 r--p 0000b000 08:02 2108268                    /usr/lib/jvm/java-21-openjdk-amd64/lib/libnet.so
779ad168d000-779ad168e000 r--p 0000c000 08:02 2108268                    /usr/lib/jvm/java-21-openjdk-amd64/lib/libnet.so
779ad168e000-779ad168f000 rw-p 0000d000 08:02 2108268                    /usr/lib/jvm/java-21-openjdk-amd64/lib/libnet.so
779ad168f000-779ad1696000 r--p 00000000 08:02 2108269                    /usr/lib/jvm/java-21-openjdk-amd64/lib/libnio.so
779ad1696000-779ad169f000 r-xp 00007000 08:02 2108269                    /usr/lib/jvm/java-21-openjdk-amd64/lib/libnio.so
779ad169f000-779ad16a3000 r--p 00010000 08:02 2108269                    /usr/lib/jvm/java-21-openjdk-amd64/lib/libnio.so
779ad16a3000-779ad16a4000 r--p 00014000 08:02 2108269                    /usr/lib/jvm/java-21-openjdk-amd64/lib/libnio.so
779ad16a4000-779ad16a5000 rw-p 00015000 08:02 2108269                    /usr/lib/jvm/java-21-openjdk-amd64/lib/libnio.so
779ad16a5000-779ad1700000 rw-p 00000000 00:00 0 
779ad1700000-779ad1704000 ---p 00000000 00:00 0 
779ad1704000-779ad1800000 rw-p 00000000 00:00 0 
779ad1800000-779ad1aa2000 r--p 00000000 08:02 2621662                    /usr/lib/jvm/java-21-openjdk-amd64/lib/server/libjvm.so
779ad1aa2000-779ad2918000 r-xp 002a2000 08:02 2621662                    /usr/lib/jvm/java-21-openjdk-amd64/lib/server/libjvm.so
779ad2918000-779ad2bf2000 r--p 01118000 08:02 2621662                    /usr/lib/jvm/java-21-openjdk-amd64/lib/server/libjvm.so
779ad2bf2000-779ad2cc6000 r--p 013f1000 08:02 2621662                    /usr/lib/jvm/java-21-openjdk-amd64/lib/server/libjvm.so
779ad2cc6000-779ad2cf6000 rw-p 014c5000 08:02 2621662                    /usr/lib/jvm/java-21-openjdk-amd64/lib/server/libjvm.so
779ad2cf6000-779ad2d5c000 rw-p 00000000 00:00 0 
779ad2d5f000-779ad2d66000 r--s 00000000 08:02 1979440                    /usr/lib/x86_64-linux-gnu/gconv/gconv-modules.cache
779ad2d66000-779ad2dcd000 rw-p 00000000 00:00 0 
779ad2dcd000-779ad2dd4000 ---p 00000000 00:00 0 
779ad2dd4000-779ad2de1000 r--p 00000000 08:02 2108053                    /usr/lib/jvm/java-21-openjdk-amd64/lib/libjava.so
779ad2de1000-779ad2df0000 r-xp 0000d000 08:02 2108053                    /usr/lib/jvm/java-21-openjdk-amd64/lib/libjava.so
779ad2df0000-779ad2df5000 r--p 0001c000 08:02 2108053                    /usr/lib/jvm/java-21-openjdk-amd64/lib/libjava.so
779ad2df5000-779ad2df6000 r--p 00021000 08:02 2108053                    /usr/lib/jvm/java-21-openjdk-amd64/lib/libjava.so
779ad2df6000-779ad2df7000 rw-p 00022000 08:02 2108053                    /usr/lib/jvm/java-21-openjdk-amd64/lib/libjava.so
779ad2df7000-779ad2df8000 rw-p 00000000 00:00 0 
779ad2df8000-779ad2e00000 rw-s 00000000 08:02 1311661                    /tmp/hsperfdata_kshama/6667
779ad2e00000-779ad2e28000 r--p 00000000 08:02 1979451                    /usr/lib/x86_64-linux-gnu/libc.so.6
779ad2e28000-779ad2fb0000 r-xp 00028000 08:02 1979451                    /usr/lib/x86_64-linux-gnu/libc.so.6
779ad2fb0000-779ad2fff000 r--p 001b0000 08:02 1979451                    /usr/lib/x86_64-linux-gnu/libc.so.6
779ad2fff000-779ad3003000 r--p 001fe000 08:02 1979451                    /usr/lib/x86_64-linux-gnu/libc.so.6
779ad3003000-779ad3005000 rw-p 00202000 08:02 1979451                    /usr/lib/x86_64-linux-gnu/libc.so.6
779ad3005000-779ad3012000 rw-p 00000000 00:00 0 
779ad3015000-779ad3019000 r--p 00000000 08:02 1977708                    /usr/lib/x86_64-linux-gnu/libgcc_s.so.1
779ad3019000-779ad303d000 r-xp 00004000 08:02 1977708                    /usr/lib/x86_64-linux-gnu/libgcc_s.so.1
779ad303d000-779ad3041000 r--p 00028000 08:02 1977708                    /usr/lib/x86_64-linux-gnu/libgcc_s.so.1
779ad3041000-779ad3042000 r--p 0002b000 08:02 1977708                    /usr/lib/x86_64-linux-gnu/libgcc_s.so.1
779ad3042000-779ad3043000 rw-p 0002c000 08:02 1977708                    /usr/lib/x86_64-linux-gnu/libgcc_s.so.1
779ad3043000-779ad3053000 r--p 00000000 08:02 1979454                    /usr/lib/x86_64-linux-gnu/libm.so.6
779ad3053000-779ad30d2000 r-xp 00010000 08:02 1979454                    /usr/lib/x86_64-linux-gnu/libm.so.6
779ad30d2000-779ad312a000 r--p 0008f000 08:02 1979454                    /usr/lib/x86_64-linux-gnu/libm.so.6
779ad312a000-779ad312b000 r--p 000e7000 08:02 1979454                    /usr/lib/x86_64-linux-gnu/libm.so.6
779ad312b000-779ad312c000 rw-p 000e8000 08:02 1979454                    /usr/lib/x86_64-linux-gnu/libm.so.6
779ad312c000-779ad312e000 rw-p 00000000 00:00 0 
779ad312e000-779ad3130000 r--p 00000000 08:02 2108077                    /usr/lib/jvm/java-21-openjdk-amd64/lib/libjli.so
779ad3130000-779ad313a000 r-xp 00002000 08:02 2108077                    /usr/lib/jvm/java-21-openjdk-amd64/lib/libjli.so
779ad313a000-779ad313d000 r--p 0000c000 08:02 2108077                    /usr/lib/jvm/java-21-openjdk-amd64/lib/libjli.so
779ad313d000-779ad313e000 r--p 0000f000 08:02 2108077                    /usr/lib/jvm/java-21-openjdk-amd64/lib/libjli.so
779ad313e000-779ad313f000 rw-p 00010000 08:02 2108077                    /usr/lib/jvm/java-21-openjdk-amd64/lib/libjli.so
779ad313f000-779ad3141000 r--p 00000000 08:02 1978234                    /usr/lib/x86_64-linux-gnu/libz.so.1.3
779ad3141000-779ad3153000 r-xp 00002000 08:02 1978234                    /usr/lib/x86_64-linux-gnu/libz.so.1.3
779ad3153000-779ad3159000 r--p 00014000 08:02 1978234                    /usr/lib/x86_64-linux-gnu/libz.so.1.3
779ad3159000-779ad315a000 r--p 0001a000 08:02 1978234                    /usr/lib/x86_64-linux-gnu/libz.so.1.3
779ad315a000-779ad315b000 rw-p 0001b000 08:02 1978234                    /usr/lib/x86_64-linux-gnu/libz.so.1.3
779ad315e000-779ad315f000 ---p 00000000 00:00 0 
779ad315f000-779ad3160000 r--p 00000000 00:00 0 
779ad3160000-779ad3161000 rwxp 00000000 00:00 0 
779ad3161000-779ad3163000 r--p 00000000 08:02 2108076                    /usr/lib/jvm/java-21-openjdk-amd64/lib/libjimage.so
779ad3163000-779ad3166000 r-xp 00002000 08:02 2108076                    /usr/lib/jvm/java-21-openjdk-amd64/lib/libjimage.so
779ad3166000-779ad3167000 r--p 00005000 08:02 2108076                    /usr/lib/jvm/java-21-openjdk-amd64/lib/libjimage.so
779ad3167000-779ad3168000 r--p 00006000 08:02 2108076                    /usr/lib/jvm/java-21-openjdk-amd64/lib/libjimage.so
779ad3168000-779ad3169000 rw-p 00007000 08:02 2108076                    /usr/lib/jvm/java-21-openjdk-amd64/lib/libjimage.so
779ad3169000-779ad316b000 rw-p 00000000 00:00 0 
779ad316b000-779ad316f000 r--p 00000000 00:00 0                          [vvar]
779ad316f000-779ad3171000 r--p 00000000 00:00 0                          [vvar_vclock]
779ad3171000-779ad3173000 r-xp 00000000 00:00 0                          [vdso]
779ad3173000-779ad3174000 r--p 00000000 08:02 1979448                    /usr/lib/x86_64-linux-gnu/ld-linux-x86-64.so.2
779ad3174000-779ad319f000 r-xp 00001000 08:02 1979448                    /usr/lib/x86_64-linux-gnu/ld-linux-x86-64.so.2
779ad319f000-779ad31a9000 r--p 0002c000 08:02 1979448                    /usr/lib/x86_64-linux-gnu/ld-linux-x86-64.so.2
779ad31a9000-779ad31ab000 r--p 00036000 08:02 1979448                    /usr/lib/x86_64-linux-gnu/ld-linux-x86-64.so.2
779ad31ab000-779ad31ad000 rw-p 00038000 08:02 1979448                    /usr/lib/x86_64-linux-gnu/ld-linux-x86-64.so.2
7ffd7519d000-7ffd751be000 rw-p 00000000 00:00 0                          [stack]
ffffffffff600000-ffffffffff601000 --xp 00000000 00:00 0                  [vsyscall]
Total number of mappings: 218

JVMTI agents: none


VM Arguments:
jvm_args: -Djansi.mode=force -Dclassworlds.conf=/usr/share/maven/bin/m2.conf -Dmaven.home=/usr/share/maven -Dlibrary.jansi.path=/usr/share/maven/lib/jansi-native -Dmaven.multiModuleProjectDirectory=/home/kshama/devops/MyMavenSeleniumApp02 
java_command: org.codehaus.plexus.classworlds.launcher.Launcher clean install
java_class_path (initial): /usr/share/maven/boot/plexus-classworlds-2.x.jar
Launcher Type: SUN_STANDARD

[Global flags]
     intx CICompilerCount                          = 2                                         {product} {ergonomic}
     uint ConcGCThreads                            = 1                                         {product} {ergonomic}
     uint G1ConcRefinementThreads                  = 2                                         {product} {ergonomic}
   size_t G1HeapRegionSize                         = 1048576                                   {product} {ergonomic}
    uintx GCDrainStackTargetSize                   = 64                                        {product} {ergonomic}
   size_t InitialHeapSize                          = 65011712                                  {product} {ergonomic}
   size_t MarkStackSize                            = 4194304                                   {product} {ergonomic}
   size_t MaxHeapSize                              = 1021313024                                {product} {ergonomic}
   size_t MaxNewSize                               = 612368384                                 {product} {ergonomic}
   size_t MinHeapDeltaBytes                        = 1048576                                   {product} {ergonomic}
   size_t MinHeapSize                              = 8388608                                   {product} {ergonomic}
    uintx NonNMethodCodeHeapSize                   = 5826188                                {pd product} {ergonomic}
    uintx NonProfiledCodeHeapSize                  = 122916026                              {pd product} {ergonomic}
    uintx ProfiledCodeHeapSize                     = 122916026                              {pd product} {ergonomic}
    uintx ReservedCodeCacheSize                    = 251658240                              {pd product} {ergonomic}
     bool SegmentedCodeCache                       = true                                      {product} {ergonomic}
   size_t SoftMaxHeapSize                          = 1021313024                             {manageable} {ergonomic}
     bool UseCompressedOops                        = true                           {product lp64_product} {ergonomic}
     bool UseG1GC                                  = true                                      {product} {ergonomic}

Logging:
Log output configuration:
 #0: stdout all=warning uptime,level,tags foldmultilines=false
 #1: stderr all=off uptime,level,tags foldmultilines=false

Release file:
IMPLEMENTOR="Ubuntu"
JAVA_RUNTIME_VERSION="21.0.10+7-Ubuntu-124.04"
JAVA_VERSION="21.0.10"
JAVA_VERSION_DATE="2026-01-20"
LIBC="gnu"
MODULES="java.base java.compiler java.datatransfer java.xml java.prefs java.desktop java.instrument java.logging java.management java.security.sasl java.naming java.rmi java.management.rmi java.net.http java.scripting java.security.jgss java.transaction.xa java.sql java.sql.rowset java.xml.crypto java.se java.smartcardio jdk.accessibility jdk.internal.jvmstat jdk.attach jdk.charsets jdk.internal.opt jdk.zipfs jdk.compiler jdk.crypto.ec jdk.crypto.cryptoki jdk.dynalink jdk.internal.ed jdk.editpad jdk.hotspot.agent jdk.httpserver jdk.incubator.vector jdk.internal.le jdk.internal.vm.ci jdk.internal.vm.compiler jdk.internal.vm.compiler.management jdk.jartool jdk.javadoc jdk.jcmd jdk.management jdk.management.agent jdk.jconsole jdk.jdeps jdk.jdwp.agent jdk.jdi jdk.jfr jdk.jlink jdk.jpackage jdk.jshell jdk.jsobject jdk.jstatd jdk.localedata jdk.management.jfr jdk.naming.dns jdk.naming.rmi jdk.net jdk.nio.mapmode jdk.random jdk.sctp jdk.security.auth jdk.security.jgss jdk.unsupported jdk.unsupported.desktop jdk.xml.dom"
OS_ARCH="x86_64"
OS_NAME="Linux"
SOURCE=""

Environment Variables:
PATH=/usr/local/sbin:/usr/local/bin:/usr/sbin:/usr/bin:/sbin:/bin:/usr/games:/usr/local/games:/snap/bin:/snap/bin
USERNAME=kshama
SHELL=/bin/bash
DISPLAY=:0
WAYLAND_DISPLAY=wayland-0
LANG=en_US.UTF-8
TERM=xterm-256color

Active Locale:
LC_ALL=en_US.UTF-8
LC_COLLATE=en_US.UTF-8
LC_CTYPE=en_US.UTF-8
LC_MESSAGES=en_US.UTF-8
LC_MONETARY=en_US.UTF-8
LC_NUMERIC=en_US.UTF-8
LC_TIME=en_US.UTF-8

Signal Handlers:
   SIGSEGV: crash_handler in libjvm.so, mask=11100100010111111101111111111110, flags=SA_RESTART|SA_SIGINFO, unblocked
    SIGBUS: crash_handler in libjvm.so, mask=11100100010111111101111111111110, flags=SA_RESTART|SA_SIGINFO, unblocked
    SIGFPE: crash_handler in libjvm.so, mask=11100100010111111101111111111110, flags=SA_RESTART|SA_SIGINFO, unblocked
   SIGPIPE: javaSignalHandler in libjvm.so, mask=11100100010111111101111111111110, flags=SA_RESTART|SA_SIGINFO, unblocked
   SIGXFSZ: javaSignalHandler in libjvm.so, mask=11100100010111111101111111111110, flags=SA_RESTART|SA_SIGINFO, unblocked
    SIGILL: crash_handler in libjvm.so, mask=11100100010111111101111111111110, flags=SA_RESTART|SA_SIGINFO, unblocked
   SIGUSR2: SR_handler in libjvm.so, mask=00000000000000000000000000000000, flags=SA_RESTART|SA_SIGINFO, unblocked
    SIGHUP: UserHandler in libjvm.so, mask=11100100010111111101111111111110, flags=SA_RESTART|SA_SIGINFO, unblocked
    SIGINT: UserHandler in libjvm.so, mask=11100100010111111101111111111110, flags=SA_RESTART|SA_SIGINFO, unblocked
   SIGTERM: UserHandler in libjvm.so, mask=11100100010111111101111111111110, flags=SA_RESTART|SA_SIGINFO, unblocked
   SIGQUIT: UserHandler in libjvm.so, mask=11100100010111111101111111111110, flags=SA_RESTART|SA_SIGINFO, blocked
   SIGTRAP: crash_handler in libjvm.so, mask=11100100010111111101111111111110, flags=SA_RESTART|SA_SIGINFO, unblocked


Periodic native trim disabled

---------------  S Y S T E M  ---------------

OS:
DISTRIB_ID=Ubuntu
DISTRIB_RELEASE=24.04
DISTRIB_CODENAME=noble
DISTRIB_DESCRIPTION="Ubuntu 24.04.4 LTS"
uname: Linux 6.17.0-14-generic #14~24.04.1-Ubuntu SMP PREEMPT_DYNAMIC Thu Jan 15 15:52:10 UTC 2 x86_64
OS uptime: 0 days 0:49 hours
libc: glibc 2.39 NPTL 2.39 
rlimit (soft/hard): STACK 8192k/infinity , CORE 0k/infinity , NPROC 15145/15145 , NOFILE 1048576/1048576 , AS infinity/infinity , CPU infinity/infinity , DATA infinity/infinity , FSIZE infinity/infinity , MEMLOCK 498676k/498676k
load average: 1.49 1.36 1.62

/proc/meminfo:
MemTotal:        3989416 kB
MemFree:          116828 kB
MemAvailable:    1180300 kB
Buffers:           17080 kB
Cached:          1337268 kB
SwapCached:       137048 kB
Active:          2284048 kB
Inactive:        1258588 kB
Active(anon):    1593316 kB
Inactive(anon):   718316 kB
Active(file):     690732 kB
Inactive(file):   540272 kB
Unevictable:         536 kB
Mlocked:             536 kB
SwapTotal:       3990524 kB
SwapFree:        2942892 kB
Zswap:                 0 kB
Zswapped:              0 kB
Dirty:               340 kB
Writeback:             0 kB
AnonPages:       2154416 kB
Mapped:           612180 kB
Shmem:            123228 kB
KReclaimable:      70280 kB
Slab:             210320 kB
SReclaimable:      70280 kB
SUnreclaim:       140040 kB
KernelStack:       15264 kB
PageTables:        54596 kB
SecPageTables:         0 kB
NFS_Unstable:          0 kB
Bounce:                0 kB
WritebackTmp:          0 kB
CommitLimit:     5985232 kB
Committed_AS:   19771088 kB
VmallocTotal:   34359738367 kB
VmallocUsed:       38288 kB
VmallocChunk:          0 kB
Percpu:             1464 kB
HardwareCorrupted:     0 kB
AnonHugePages:         0 kB
ShmemHugePages:        0 kB
ShmemPmdMapped:        0 kB
FileHugePages:     18432 kB
FilePmdMapped:         0 kB
CmaTotal:              0 kB
CmaFree:               0 kB
Unaccepted:            0 kB
Balloon:               0 kB
HugePages_Total:       0
HugePages_Free:        0
HugePages_Rsvd:        0
HugePages_Surp:        0
Hugepagesize:       2048 kB
Hugetlb:               0 kB
DirectMap4k:      120008 kB
DirectMap2M:     4055040 kB

/sys/kernel/mm/transparent_hugepage/enabled: always [madvise] never
/sys/kernel/mm/transparent_hugepage/hpage_pmd_size: 2097152
/sys/kernel/mm/transparent_hugepage/defrag (defrag/compaction efforts parameter): always defer defer+madvise [madvise] never

Process Memory:
Virtual Size: 3613592K (peak: 3614420K)
Resident Set Size: 186240K (peak: 186240K) (anon: 152296K, file: 33944K, shmem: 0K)
Swapped out: 0K
C-Heap outstanding allocations: 48514K, retained: 3961K
glibc malloc tunables: (default)

/proc/sys/kernel/threads-max (system-wide limit on the number of threads): 30290
/proc/sys/vm/max_map_count (maximum number of memory map areas a process may have): 1048576
/proc/sys/vm/swappiness (control to define how aggressively the kernel swaps out anonymous memory): 60
/proc/sys/kernel/pid_max (system-wide limit on number of process identifiers): 4194304

container information not found.
Steal ticks since vm start: 0
Steal ticks percentage since vm start:  0.000

CPU: total 2 (initial active 2) (2 cores per cpu, 2 threads per core) family 23 model 24 stepping 1 microcode 0x8108109, cx8, cmov, fxsr, ht, mmx, 3dnowpref, sse, sse2, sse3, ssse3, sse4a, sse4.1, sse4.2, popcnt, lzcnt, tsc, tscinvbit, avx, avx2, aes, clmul, bmi1, bmi2, adx, sha, fma, vzeroupper, clflush, clflushopt, hv, rdtscp, f16c
CPU Model and flags from /proc/cpuinfo:
model name	: AMD Ryzen 5 3500U with Radeon Vega Mobile Gfx
flags		: fpu vme de pse tsc msr pae mce cx8 apic sep mtrr pge mca cmov pat pse36 clflush mmx fxsr sse sse2 ht syscall nx mmxext fxsr_opt rdtscp lm constant_tsc rep_good nopl nonstop_tsc cpuid extd_apicid pni pclmulqdq ssse3 fma cx16 sse4_1 sse4_2 movbe popcnt aes xsave avx f16c rdrand hypervisor lahf_lm cmp_legacy cr8_legacy abm sse4a misalignsse 3dnowprefetch ssbd vmmcall fsgsbase bmi1 avx2 bmi2 rdseed adx clflushopt sha_ni arat

Online cpus: 0-1
Offline cpus: 
BIOS frequency limitation: <Not Available>
Frequency switch latency (ns): <Not Available>
Available cpu frequencies: <Not Available>
Current governor: <Not Available>
Core performance/turbo boost: <Not Available>

Memory: 4k page, physical 3989416k(1180400k free), swap 3990524k(2942892k free)
Page Sizes: 4k

vm_info: OpenJDK 64-Bit Server VM (21.0.10+7-Ubuntu-124.04) for linux-amd64 JRE (21.0.10+7-Ubuntu-124.04), built on 2026-01-22T23:46:23Z by "buildd" with gcc 13.3.0

END.
